10:18:14 **** Incremental Build of configuration Debug for project user_header ****
make -j12 all 
arm-none-eabi-gcc "../drivers/src/stm32f411x_driver_gpio.c" -mcpu=cortex-m4 -std=gnu11 -g3 -DDEBUG -DNUCLEO_F411RE -DSTM32 -DSTM32F4 -DSTM32F411RETx -c -I../Inc -I"C:/Users/PHY202209EF10/STM32CubeIDE/workspace_1.10.1/user_header/drivers/inc" -O0 -ffunction-sections -fdata-sections -Wall -fstack-usage -MMD -MP -MF"drivers/src/stm32f411x_driver_gpio.d" -MT"drivers/src/stm32f411x_driver_gpio.o" --specs=nano.specs -mfpu=fpv4-sp-d16 -mfloat-abi=hard -mthumb -o "drivers/src/stm32f411x_driver_gpio.o"
arm-none-eabi-gcc "../drivers/src/stm32f411x_gpio_config.c" -mcpu=cortex-m4 -std=gnu11 -g3 -DDEBUG -DNUCLEO_F411RE -DSTM32 -DSTM32F4 -DSTM32F411RETx -c -I../Inc -I"C:/Users/PHY202209EF10/STM32CubeIDE/workspace_1.10.1/user_header/drivers/inc" -O0 -ffunction-sections -fdata-sections -Wall -fstack-usage -MMD -MP -MF"drivers/src/stm32f411x_gpio_config.d" -MT"drivers/src/stm32f411x_gpio_config.o" --specs=nano.specs -mfpu=fpv4-sp-d16 -mfloat-abi=hard -mthumb -o "drivers/src/stm32f411x_gpio_config.o"
arm-none-eabi-gcc "../Src/main.c" -mcpu=cortex-m4 -std=gnu11 -g3 -DDEBUG -DNUCLEO_F411RE -DSTM32 -DSTM32F4 -DSTM32F411RETx -c -I../Inc -I"C:/Users/PHY202209EF10/STM32CubeIDE/workspace_1.10.1/user_header/drivers" -O0 -ffunction-sections -fdata-sections -Wall -fstack-usage -MMD -MP -MF"Src/main.d" -MT"Src/main.o" --specs=nano.specs -mfpu=fpv4-sp-d16 -mfloat-abi=hard -mthumb -o "Src/main.o"
../Src/main.c:23:4: warning: #warning "FPU is not initialized, but the project is compiling for an FPU. Please initialize the FPU before use." [-Wcpp]
   23 |   #warning "FPU is not initialized, but the project is compiling for an FPU. Please initialize the FPU before use."
      |    ^~~~~~~
../Src/main.c:25:10: fatal error: stm32f411x.h: No such file or directory
   25 | #include "stm32f411x.h"
      |          ^~~~~~~~~~~~~~
compilation terminated.
make: *** [Src/subdir.mk:25: Src/main.o] Error 1
make: *** Waiting for unfinished jobs....
"make -j12 all" terminated with exit code 2. Build might be incomplete.

10:18:15 Build Failed. 3 errors, 1 warnings. (took 777ms)

